c:\users\plasma\desktop\d2d_zelda\client\debug\client.pch
c:\users\plasma\desktop\d2d_zelda\client\debug\vc140.pdb
c:\users\plasma\desktop\d2d_zelda\client\debug\vc140.idb
c:\users\plasma\desktop\d2d_zelda\client\debug\stdafx.obj
c:\users\plasma\desktop\d2d_zelda\client\debug\devicemgr.obj
c:\users\plasma\desktop\d2d_zelda\client\debug\framemgr.obj
c:\users\plasma\desktop\d2d_zelda\client\debug\gameobject.obj
c:\users\plasma\desktop\d2d_zelda\client\debug\keymgr.obj
c:\users\plasma\desktop\d2d_zelda\client\debug\logo.obj
c:\users\plasma\desktop\d2d_zelda\client\debug\maingame.obj
c:\users\plasma\desktop\d2d_zelda\client\debug\matrixmaker.obj
c:\users\plasma\desktop\d2d_zelda\client\debug\mouse.obj
c:\users\plasma\desktop\d2d_zelda\client\debug\multitexture.obj
c:\users\plasma\desktop\d2d_zelda\client\debug\objectmgr.obj
c:\users\plasma\desktop\d2d_zelda\client\debug\scene.obj
c:\users\plasma\desktop\d2d_zelda\client\debug\scenemgr.obj
c:\users\plasma\desktop\d2d_zelda\client\debug\scrollmgr.obj
c:\users\plasma\desktop\d2d_zelda\client\debug\singletexture.obj
c:\users\plasma\desktop\d2d_zelda\client\debug\stage.obj
c:\users\plasma\desktop\d2d_zelda\client\debug\terrain.obj
c:\users\plasma\desktop\d2d_zelda\client\debug\texture.obj
c:\users\plasma\desktop\d2d_zelda\client\debug\texturemgr.obj
c:\users\plasma\desktop\d2d_zelda\client\debug\timemgr.obj
c:\users\plasma\desktop\d2d_zelda\client\debug\astarmgr.obj
c:\users\plasma\desktop\d2d_zelda\client\debug\client.obj
c:\users\plasma\desktop\d2d_zelda\client\debug\collidermgr.obj
c:\users\plasma\desktop\d2d_zelda\client\debug\player.obj
c:\users\plasma\desktop\d2d_zelda\client\debug\playereffect.obj
c:\users\plasma\desktop\d2d_zelda\client\debug\animateimp.obj
c:\users\plasma\desktop\d2d_zelda\client\debug\buffeffect.obj
c:\users\plasma\desktop\d2d_zelda\client\debug\effect.obj
c:\users\plasma\desktop\d2d_zelda\client\debug\effectimp.obj
c:\users\plasma\desktop\d2d_zelda\client\debug\noanimateimp.obj
c:\users\plasma\desktop\d2d_zelda\client\debug\normaleffect.obj
c:\users\plasma\desktop\d2d_zelda\client\debug\objectterrain.obj
c:\users\plasma\desktop\d2d_zelda\client\debug\stage02.obj
c:\users\plasma\desktop\d2d_zelda\debug\client.ilk
c:\users\plasma\desktop\d2d_zelda\debug\client.exe
c:\users\plasma\desktop\d2d_zelda\debug\client.pdb
c:\users\plasma\desktop\d2d_zelda\client\debug\client.res
c:\users\plasma\desktop\d2d_zelda\client\debug\player.obj.enc
c:\users\plasma\desktop\d2d_zelda\client\debug\client.tlog\cl.command.1.tlog
c:\users\plasma\desktop\d2d_zelda\client\debug\client.tlog\cl.read.1.tlog
c:\users\plasma\desktop\d2d_zelda\client\debug\client.tlog\cl.write.1.tlog
c:\users\plasma\desktop\d2d_zelda\client\debug\client.tlog\link.command.1.tlog
c:\users\plasma\desktop\d2d_zelda\client\debug\client.tlog\link.read.1.tlog
c:\users\plasma\desktop\d2d_zelda\client\debug\client.tlog\link.write.1.tlog
c:\users\plasma\desktop\d2d_zelda\client\debug\client.tlog\rc.command.1.tlog
c:\users\plasma\desktop\d2d_zelda\client\debug\client.tlog\rc.read.1.tlog
c:\users\plasma\desktop\d2d_zelda\client\debug\client.tlog\rc.write.1.tlog
