c:\users\plasma\desktop\d2d_zelda\tool\debug\tool.pch
c:\users\plasma\desktop\d2d_zelda\tool\debug\vc140.pdb
c:\users\plasma\desktop\d2d_zelda\tool\debug\vc140.idb
c:\users\plasma\desktop\d2d_zelda\tool\debug\stdafx.obj
c:\users\plasma\desktop\d2d_zelda\tool\debug\fileinfo.obj
c:\users\plasma\desktop\d2d_zelda\tool\debug\gameobject.obj
c:\users\plasma\desktop\d2d_zelda\tool\debug\mainfrm.obj
c:\users\plasma\desktop\d2d_zelda\tool\debug\maptool.obj
c:\users\plasma\desktop\d2d_zelda\tool\debug\maptoolgameobject.obj
c:\users\plasma\desktop\d2d_zelda\tool\debug\miniview.obj
c:\users\plasma\desktop\d2d_zelda\tool\debug\multitexture.obj
c:\users\plasma\desktop\d2d_zelda\tool\debug\myform.obj
c:\users\plasma\desktop\d2d_zelda\tool\debug\mypage1.obj
c:\users\plasma\desktop\d2d_zelda\tool\debug\mypage2.obj
c:\users\plasma\desktop\d2d_zelda\tool\debug\mysheet.obj
c:\users\plasma\desktop\d2d_zelda\tool\debug\pathtool.obj
c:\users\plasma\desktop\d2d_zelda\tool\debug\singletexture.obj
c:\users\plasma\desktop\d2d_zelda\tool\debug\terrain.obj
c:\users\plasma\desktop\d2d_zelda\tool\debug\texture.obj
c:\users\plasma\desktop\d2d_zelda\tool\debug\texturemgr.obj
c:\users\plasma\desktop\d2d_zelda\tool\debug\tool.obj
c:\users\plasma\desktop\d2d_zelda\tool\debug\tooldoc.obj
c:\users\plasma\desktop\d2d_zelda\tool\debug\toolview.obj
c:\users\plasma\desktop\d2d_zelda\tool\debug\unittool.obj
c:\users\plasma\desktop\d2d_zelda\tool\debug\devicemgr.obj
c:\users\plasma\desktop\d2d_zelda\debug\tool.ilk
c:\users\plasma\desktop\d2d_zelda\debug\tool.exe
c:\users\plasma\desktop\d2d_zelda\debug\tool.pdb
c:\users\plasma\desktop\d2d_zelda\tool\debug\tool.res
c:\users\plasma\desktop\d2d_zelda\tool\debug\tool.tlog\cl.command.1.tlog
c:\users\plasma\desktop\d2d_zelda\tool\debug\tool.tlog\cl.read.1.tlog
c:\users\plasma\desktop\d2d_zelda\tool\debug\tool.tlog\cl.write.1.tlog
c:\users\plasma\desktop\d2d_zelda\tool\debug\tool.tlog\link.command.1.tlog
c:\users\plasma\desktop\d2d_zelda\tool\debug\tool.tlog\link.read.1.tlog
c:\users\plasma\desktop\d2d_zelda\tool\debug\tool.tlog\link.write.1.tlog
c:\users\plasma\desktop\d2d_zelda\tool\debug\tool.tlog\rc.command.1.tlog
c:\users\plasma\desktop\d2d_zelda\tool\debug\tool.tlog\rc.read.1.tlog
c:\users\plasma\desktop\d2d_zelda\tool\debug\tool.tlog\rc.write.1.tlog
